Using pre-set license
Built from '2020.3/staging' branch; Version is '2020.3.5f1 (8095aa901b9b) revision 8426922'; Using compiler version '192528614'; Build Type 'Release'
OS: 'Windows 10 Home; OS build 19042.928; Version 2009; 64bit' Language: 'en' Physical Memory: 7990 MB
BatchMode: 1, IsHumanControllingUs: 0, StartBugReporterOnCrash: 0, Is64bit: 1, IsPro: 0

 COMMAND LINE ARGUMENTS:
C:\Program Files\Unity\Hub\Editor\2020.3.4f1\Editor\Unity.exe
-adb2
-batchMode
-noUpm
-name
AssetImportWorker0
-projectPath
C:/Users/imint/Documents/GitHub/thirdMactry
-logFile
Logs/AssetImportWorker0.log
-srvPort
61397
Successfully changed project path to: C:/Users/imint/Documents/GitHub/thirdMactry
C:/Users/imint/Documents/GitHub/thirdMactry
Using Asset Import Pipeline V2.
Refreshing native plugins compatible for Editor in 74.75 ms, found 0 plugins.
Preloading 0 native plugins for Editor in 0.00 ms.
Initialize engine version: 2020.3.5f1 (8095aa901b9b)
[Subsystems] Discovering subsystems at path C:/Program Files/Unity/Hub/Editor/2020.3.4f1/Editor/Data/Resources/UnitySubsystems
[Subsystems] Discovering subsystems at path C:/Users/imint/Documents/GitHub/thirdMactry/Assets
GfxDevice: creating device client; threaded=0
Direct3D:
    Version:  Direct3D 11.0 [level 11.1]
    Renderer: NVIDIA GeForce MX250 (ID=0x1d52)
    Vendor:   
    VRAM:     1983 MB
    Driver:   27.21.14.5763
Initialize mono
Mono path[0] = 'C:/Program Files/Unity/Hub/Editor/2020.3.4f1/Editor/Data/Managed'
Mono path[1] = 'C:/Program Files/Unity/Hub/Editor/2020.3.4f1/Editor/Data/MonoBleedingEdge/lib/mono/unityjit'
Mono config path = 'C:/Program Files/Unity/Hub/Editor/2020.3.4f1/Editor/Data/MonoBleedingEdge/etc'
Using monoOptions --debugger-agent=transport=dt_socket,embedding=1,server=y,suspend=n,address=127.0.0.1:56500
Begin MonoManager ReloadAssembly
Registering precompiled unity dll's ...
Register platform support module: C:/Program Files/Unity/Hub/Editor/2020.3.4f1/Editor/Data/PlaybackEngines/WindowsStandaloneSupport/UnityEditor.WindowsStandalone.Extensions.dll
Registered in 0.004204 seconds.
Native extension for WindowsStandalone target not found
Refreshing native plugins compatible for Editor in 91.08 ms, found 0 plugins.
Preloading 0 native plugins for Editor in 0.00 ms.
Mono: successfully reloaded assembly
- Completed reload, in  1.580 seconds
Platform modules already initialized, skipping
Registering precompiled user dll's ...
Registered in 0.003720 seconds.
Begin MonoManager ReloadAssembly
Native extension for WindowsStandalone target not found
Refreshing native plugins compatible for Editor in 258.36 ms, found 0 plugins.
Preloading 0 native plugins for Editor in 0.00 ms.
Mono: successfully reloaded assembly
- Completed reload, in  5.081 seconds
Platform modules already initialized, skipping
========================================================================
Worker process is ready to serve import requests
Launched and connected shader compiler UnityShaderCompiler.exe after 0.18 seconds
Refreshing native plugins compatible for Editor in 5.79 ms, found 0 plugins.
Preloading 0 native plugins for Editor in 0.00 ms.
Unloading 3682 Unused Serialized files (Serialized files now loaded: 0)
System memory in use before: 181.3 MB.
System memory in use after: 173.5 MB.

Unloading 97 unused Assets to reduce memory usage. Loaded Objects now: 4075.
Total: 36.850300 ms (FindLiveObjects: 0.933200 ms CreateObjectMapping: 0.581800 ms MarkObjects: 25.645700 ms  DeleteObjects: 9.685500 ms)

========================================================================
Received Import Request.
  path: Assets/VFXDefaultResources.asset
  artifactKey: Guid(145290c901d58b343bdeb3b4362c9ff2) Importer(815301076,1909f56bfc062723c751e8b465ee728b)
Start importing Assets/VFXDefaultResources.asset using Guid(145290c901d58b343bdeb3b4362c9ff2) Importer(815301076,1909f56bfc062723c751e8b465ee728b)  -> (artifact id: 'e3bc61188e166b41effe9e12006edc0e') in 0.106105 seconds
  Import took 0.122926 seconds .

========================================================================
Received Import Request.
  Time since last request: 0.000597 seconds.
  path: Assets/New Terrain.asset
  artifactKey: Guid(53fbd904560044653aa43e001dce3b32) Importer(815301076,1909f56bfc062723c751e8b465ee728b)
Start importing Assets/New Terrain.asset using Guid(53fbd904560044653aa43e001dce3b32) Importer(815301076,1909f56bfc062723c751e8b465ee728b)  -> (artifact id: '53c35dec8267a232d47686fae2f2e2f9') in 0.120091 seconds
  Import took 0.139839 seconds .

========================================================================
Received Import Request.
  Time since last request: 0.000445 seconds.
  path: Assets/Readme.asset
  artifactKey: Guid(83c2ed844a8c74b779a4c823d16594b1) Importer(815301076,1909f56bfc062723c751e8b465ee728b)
Start importing Assets/Readme.asset using Guid(83c2ed844a8c74b779a4c823d16594b1) Importer(815301076,1909f56bfc062723c751e8b465ee728b)  -> (artifact id: 'f3867ed22fd1682338f98c49bbb5c8da') in 0.014730 seconds
  Import took 0.037392 seconds .

========================================================================
Received Prepare
Refreshing native plugins compatible for Editor in 1.80 ms, found 0 plugins.
Preloading 0 native plugins for Editor in 0.00 ms.
Unloading 78 Unused Serialized files (Serialized files now loaded: 0)
System memory in use before: 104.1 MB.
System memory in use after: 96.2 MB.

Unloading 79 unused Assets to reduce memory usage. Loaded Objects now: 4077.
Total: 8.759200 ms (FindLiveObjects: 0.544900 ms CreateObjectMapping: 0.420100 ms MarkObjects: 3.156400 ms  DeleteObjects: 4.636000 ms)

========================================================================
Received Import Request.
  Time since last request: 43.354109 seconds.
  path: Assets/Scenes
  artifactKey: Guid(93fe73075c02849e69a9059bb7bf5e84) Importer(815301076,1909f56bfc062723c751e8b465ee728b)
Start importing Assets/Scenes using Guid(93fe73075c02849e69a9059bb7bf5e84) Importer(815301076,1909f56bfc062723c751e8b465ee728b)  -> (artifact id: '166a3d5c315d97722fa9bd54e16395bc') in 0.006998 seconds
  Import took 0.020611 seconds .

========================================================================
Received Import Request.
  Time since last request: 0.003817 seconds.
  path: Assets/Scenes
  artifactKey: Guid(93fe73075c02849e69a9059bb7bf5e84) Importer(815301076,1909f56bfc062723c751e8b465ee728b)
Start importing Assets/Scenes using Guid(93fe73075c02849e69a9059bb7bf5e84) Importer(815301076,1909f56bfc062723c751e8b465ee728b)  -> (artifact id: '166a3d5c315d97722fa9bd54e16395bc') in 0.004857 seconds
  Import took 0.020455 seconds .

========================================================================
Received Import Request.
  Time since last request: 2.968037 seconds.
  path: Assets/Scenes/SampleScene
  artifactKey: Guid(6a5ab7f14dc90e245a38a8d287014804) Importer(815301076,1909f56bfc062723c751e8b465ee728b)
Start importing Assets/Scenes/SampleScene using Guid(6a5ab7f14dc90e245a38a8d287014804) Importer(815301076,1909f56bfc062723c751e8b465ee728b)  -> (artifact id: 'a952f5d6511a0fdfe4e4d6c678ae7494') in 0.004852 seconds
  Import took 0.018618 seconds .

========================================================================
Received Import Request.
  Time since last request: 0.000420 seconds.
  path: Assets/Scenes/SampleScene
  artifactKey: Guid(6a5ab7f14dc90e245a38a8d287014804) Importer(815301076,1909f56bfc062723c751e8b465ee728b)
Start importing Assets/Scenes/SampleScene using Guid(6a5ab7f14dc90e245a38a8d287014804) Importer(815301076,1909f56bfc062723c751e8b465ee728b)  -> (artifact id: 'a952f5d6511a0fdfe4e4d6c678ae7494') in 0.004982 seconds
  Import took 0.019202 seconds .

========================================================================
Received Import Request.
  Time since last request: 0.010826 seconds.
  path: Assets/Scenes/SampleScene/LightingData.asset
  artifactKey: Guid(c9672d4b9a662004a9bf0d3f330e6b36) Importer(815301076,1909f56bfc062723c751e8b465ee728b)
Start importing Assets/Scenes/SampleScene/LightingData.asset using Guid(c9672d4b9a662004a9bf0d3f330e6b36) Importer(815301076,1909f56bfc062723c751e8b465ee728b)  -> (artifact id: 'ec7b2565f25992b70521e28521252672') in 0.008062 seconds
  Import took 0.023898 seconds .

========================================================================
Received Import Request.
  Time since last request: 0.000337 seconds.
  path: Assets/Scenes/SampleScene/ReflectionProbe-13.exr
  artifactKey: Guid(5b4b9c42474fea44ea71f98dbbbf883a) Importer(815301076,1909f56bfc062723c751e8b465ee728b)
Start importing Assets/Scenes/SampleScene/ReflectionProbe-13.exr using Guid(5b4b9c42474fea44ea71f98dbbbf883a) Importer(815301076,1909f56bfc062723c751e8b465ee728b)  -> (artifact id: '6b9786a2f63de60bda0b1c1881413aad') in 0.298934 seconds
  Import took 0.316879 seconds .

========================================================================
Received Import Request.
  Time since last request: 0.000407 seconds.
  path: Assets/Scenes/SampleScene/ReflectionProbe-11.exr
  artifactKey: Guid(1b5727504ffe4b247b09ed4502ffc116) Importer(815301076,1909f56bfc062723c751e8b465ee728b)
Start importing Assets/Scenes/SampleScene/ReflectionProbe-11.exr using Guid(1b5727504ffe4b247b09ed4502ffc116) Importer(815301076,1909f56bfc062723c751e8b465ee728b)  -> (artifact id: '0e18634d6e24f8d1452fa5e461bd616e') in 0.089719 seconds
  Import took 0.103557 seconds .

========================================================================
Received Import Request.
  Time since last request: 0.000343 seconds.
  path: Assets/Scenes/SampleScene/ReflectionProbe-7.exr
  artifactKey: Guid(db9a1847f2c6ae34c9ec4947ce906bc9) Importer(815301076,1909f56bfc062723c751e8b465ee728b)
Start importing Assets/Scenes/SampleScene/ReflectionProbe-7.exr using Guid(db9a1847f2c6ae34c9ec4947ce906bc9) Importer(815301076,1909f56bfc062723c751e8b465ee728b)  -> (artifact id: '29496d9dc78e34443b95c722bdccce73') in 0.089219 seconds
  Import took 0.102780 seconds .

========================================================================
Received Import Request.
  Time since last request: 0.000367 seconds.
  path: Assets/Scenes/SampleScene/Lightmap-2_comp_dir.png
  artifactKey: Guid(d0e945dd6a89edd408f301b839717f0a) Importer(815301076,1909f56bfc062723c751e8b465ee728b)
Start importing Assets/Scenes/SampleScene/Lightmap-2_comp_dir.png using Guid(d0e945dd6a89edd408f301b839717f0a) Importer(815301076,1909f56bfc062723c751e8b465ee728b)  -> (artifact id: '8ca7ed86503bd7786bba4c9aa9c93f9a') in 0.098735 seconds
  Import took 0.113147 seconds .

========================================================================
Received Import Request.
  Time since last request: 0.000305 seconds.
  path: Assets/Scenes/SampleScene/ReflectionProbe-5.exr
  artifactKey: Guid(84decc14d3cf01c45ad713670f164cb6) Importer(815301076,1909f56bfc062723c751e8b465ee728b)
Start importing Assets/Scenes/SampleScene/ReflectionProbe-5.exr using Guid(84decc14d3cf01c45ad713670f164cb6) Importer(815301076,1909f56bfc062723c751e8b465ee728b)  -> (artifact id: 'c3a886b9be8514e7eb007e259340fe5b') in 0.093016 seconds
  Import took 0.106425 seconds .

========================================================================
Received Import Request.
  Time since last request: 0.000304 seconds.
  path: Assets/Scenes/SampleScene/ReflectionProbe-1.exr
  artifactKey: Guid(c3c78b54f15d2fa4cb5ce7168bfcd968) Importer(815301076,1909f56bfc062723c751e8b465ee728b)
Start importing Assets/Scenes/SampleScene/ReflectionProbe-1.exr using Guid(c3c78b54f15d2fa4cb5ce7168bfcd968) Importer(815301076,1909f56bfc062723c751e8b465ee728b)  -> (artifact id: '6ee58fee9b72fcb4bf86b2b943a91a3c') in 0.097733 seconds
  Import took 0.111752 seconds .

========================================================================
Received Import Request.
  Time since last request: 0.000338 seconds.
  path: Assets/Scenes/SampleScene/ReflectionProbe-10.exr
  artifactKey: Guid(0b0c990f63a874c4fbeadb86375b8fc8) Importer(815301076,1909f56bfc062723c751e8b465ee728b)
Start importing Assets/Scenes/SampleScene/ReflectionProbe-10.exr using Guid(0b0c990f63a874c4fbeadb86375b8fc8) Importer(815301076,1909f56bfc062723c751e8b465ee728b)  -> (artifact id: '07caf069ee53f2a00d0b840519c3bb51') in 0.111395 seconds
  Import took 0.126446 seconds .

========================================================================
Received Import Request.
  Time since last request: 0.000288 seconds.
  path: Assets/Scenes/SampleScene/ReflectionProbe-4.exr
  artifactKey: Guid(a4fc011afaed10c45914eeba07d87322) Importer(815301076,1909f56bfc062723c751e8b465ee728b)
Start importing Assets/Scenes/SampleScene/ReflectionProbe-4.exr using Guid(a4fc011afaed10c45914eeba07d87322) Importer(815301076,1909f56bfc062723c751e8b465ee728b)  -> (artifact id: 'e0b2a2761799c0c2e4a771e21b92177d') in 0.097846 seconds
  Import took 0.109612 seconds .

========================================================================
Received Import Request.
  Time since last request: 0.000415 seconds.
  path: Assets/Scenes/SampleScene/Lightmap-6_comp_light.exr
  artifactKey: Guid(aff1b928f2ba59646843323bbb7019c0) Importer(815301076,1909f56bfc062723c751e8b465ee728b)
Start importing Assets/Scenes/SampleScene/Lightmap-6_comp_light.exr using Guid(aff1b928f2ba59646843323bbb7019c0) Importer(815301076,1909f56bfc062723c751e8b465ee728b)  -> (artifact id: '9e76adc5dcd82b74549a9160a9ed3a90') in 0.058450 seconds
  Import took 0.072470 seconds .

========================================================================
Received Import Request.
  Time since last request: 0.000383 seconds.
  path: Assets/Scenes/SampleScene/ReflectionProbe-0.exr
  artifactKey: Guid(db58c93c38fdd1c4cb45888d582f7a18) Importer(815301076,1909f56bfc062723c751e8b465ee728b)
Start importing Assets/Scenes/SampleScene/ReflectionProbe-0.exr using Guid(db58c93c38fdd1c4cb45888d582f7a18) Importer(815301076,1909f56bfc062723c751e8b465ee728b)  -> (artifact id: 'a78c3fce2446ce3010f3a3562fc88b61') in 0.090310 seconds
  Import took 0.103861 seconds .

========================================================================
Received Import Request.
  Time since last request: 0.000325 seconds.
  path: Assets/Scenes/SampleScene/Lightmap-4_comp_dir.png
  artifactKey: Guid(5f42fa2a722ac20489856b05039dee64) Importer(815301076,1909f56bfc062723c751e8b465ee728b)
Start importing Assets/Scenes/SampleScene/Lightmap-4_comp_dir.png using Guid(5f42fa2a722ac20489856b05039dee64) Importer(815301076,1909f56bfc062723c751e8b465ee728b)  -> (artifact id: '2a1bbb1160683874ebaba1c404c953a9') in 0.041654 seconds
  Import took 0.056300 seconds .

========================================================================
Received Import Request.
  Time since last request: 0.000353 seconds.
  path: Assets/Scenes/SampleScene/Lightmap-1_comp_light.exr
  artifactKey: Guid(d65881cd9a18b2d468ffa8cd3872247c) Importer(815301076,1909f56bfc062723c751e8b465ee728b)
Start importing Assets/Scenes/SampleScene/Lightmap-1_comp_light.exr using Guid(d65881cd9a18b2d468ffa8cd3872247c) Importer(815301076,1909f56bfc062723c751e8b465ee728b)  -> (artifact id: '864ee113df628a2bcefcba9077814169') in 0.020649 seconds
  Import took 0.037595 seconds .

========================================================================
Received Import Request.
  Time since last request: 0.000343 seconds.
  path: Assets/Scenes/SampleScene/Lightmap-3_comp_dir.png
  artifactKey: Guid(1303668a41ce5dc48b7bf699c4148df2) Importer(815301076,1909f56bfc062723c751e8b465ee728b)
Start importing Assets/Scenes/SampleScene/Lightmap-3_comp_dir.png using Guid(1303668a41ce5dc48b7bf699c4148df2) Importer(815301076,1909f56bfc062723c751e8b465ee728b)  -> (artifact id: '015131ec2750c25482b7d5b7c3308b59') in 0.023952 seconds
  Import took 0.038828 seconds .

========================================================================
Received Import Request.
  Time since last request: 0.000376 seconds.
  path: Assets/Scenes/SampleScene/Lightmap-6_comp_dir.png
  artifactKey: Guid(a5228ee1051068b4f9e5fae8b301a8e4) Importer(815301076,1909f56bfc062723c751e8b465ee728b)
Start importing Assets/Scenes/SampleScene/Lightmap-6_comp_dir.png using Guid(a5228ee1051068b4f9e5fae8b301a8e4) Importer(815301076,1909f56bfc062723c751e8b465ee728b)  -> (artifact id: '06cb89f8afd9699858059380a016b780') in 0.019660 seconds
  Import took 0.033768 seconds .

========================================================================
Received Import Request.
  Time since last request: 0.000444 seconds.
  path: Assets/Scenes/SampleScene/Lightmap-1_comp_dir.png
  artifactKey: Guid(c78a7ef4ffd053e45986df6776d18a37) Importer(815301076,1909f56bfc062723c751e8b465ee728b)
Start importing Assets/Scenes/SampleScene/Lightmap-1_comp_dir.png using Guid(c78a7ef4ffd053e45986df6776d18a37) Importer(815301076,1909f56bfc062723c751e8b465ee728b)  -> (artifact id: '3f538a38b27970955e250ad8367e9b3e') in 0.022086 seconds
  Import took 0.035484 seconds .

========================================================================
Received Import Request.
  Time since last request: 0.000387 seconds.
  path: Assets/Scenes/SampleScene/Lightmap-5_comp_light.exr
  artifactKey: Guid(e573b21707060b24db27d4ae41235d98) Importer(815301076,1909f56bfc062723c751e8b465ee728b)
Start importing Assets/Scenes/SampleScene/Lightmap-5_comp_light.exr using Guid(e573b21707060b24db27d4ae41235d98) Importer(815301076,1909f56bfc062723c751e8b465ee728b)  -> (artifact id: '2fd5908701b4642a769629709b4b1ea0') in 0.017753 seconds
  Import took 0.032576 seconds .

========================================================================
Received Import Request.
  Time since last request: 0.000330 seconds.
  path: Assets/Scenes/SampleScene/ReflectionProbe-6.exr
  artifactKey: Guid(bcc5d397b6334c64dab068d6bb859803) Importer(815301076,1909f56bfc062723c751e8b465ee728b)
Start importing Assets/Scenes/SampleScene/ReflectionProbe-6.exr using Guid(bcc5d397b6334c64dab068d6bb859803) Importer(815301076,1909f56bfc062723c751e8b465ee728b)  -> (artifact id: '798e355218199fed8c39aa57b9d0aeee') in 0.091910 seconds
  Import took 0.107660 seconds .

========================================================================
Received Import Request.
  Time since last request: 0.000318 seconds.
  path: Assets/Scenes/SampleScene/Lightmap-4_comp_light.exr
  artifactKey: Guid(1a271bbc6f1485d4bad5874ca8455069) Importer(815301076,1909f56bfc062723c751e8b465ee728b)
Start importing Assets/Scenes/SampleScene/Lightmap-4_comp_light.exr using Guid(1a271bbc6f1485d4bad5874ca8455069) Importer(815301076,1909f56bfc062723c751e8b465ee728b)  -> (artifact id: 'e752bd90404bf35fa14eac39daa12d22') in 0.021266 seconds
  Import took 0.035632 seconds .

========================================================================
Received Import Request.
  Time since last request: 0.000355 seconds.
  path: Assets/Scenes/SampleScene/ReflectionProbe-12.exr
  artifactKey: Guid(8481e7bae45102c41afa57230dceda46) Importer(815301076,1909f56bfc062723c751e8b465ee728b)
Start importing Assets/Scenes/SampleScene/ReflectionProbe-12.exr using Guid(8481e7bae45102c41afa57230dceda46) Importer(815301076,1909f56bfc062723c751e8b465ee728b)  -> (artifact id: 'dfcf64a21f073030614b7c1e4350882d') in 0.098113 seconds
  Import took 0.113437 seconds .

========================================================================
Received Import Request.
  Time since last request: 0.000332 seconds.
  path: Assets/Scenes/SampleScene/Lightmap-5_comp_dir.png
  artifactKey: Guid(12958dd54f1b2f140b49115d3f5e2c81) Importer(815301076,1909f56bfc062723c751e8b465ee728b)
Start importing Assets/Scenes/SampleScene/Lightmap-5_comp_dir.png using Guid(12958dd54f1b2f140b49115d3f5e2c81) Importer(815301076,1909f56bfc062723c751e8b465ee728b)  -> (artifact id: '63052cb8bfaff2945ca47f769e1e0285') in 0.038960 seconds
  Import took 0.052248 seconds .

========================================================================
Received Import Request.
  Time since last request: 0.000326 seconds.
  path: Assets/Scenes/SampleScene/ReflectionProbe-8.exr
  artifactKey: Guid(7f20f555bfbdcaa46a2cc1e0075120a5) Importer(815301076,1909f56bfc062723c751e8b465ee728b)
Start importing Assets/Scenes/SampleScene/ReflectionProbe-8.exr using Guid(7f20f555bfbdcaa46a2cc1e0075120a5) Importer(815301076,1909f56bfc062723c751e8b465ee728b)  -> (artifact id: 'c2002fa5c253e9453ea01e3dddf997f5') in 0.083863 seconds
  Import took 0.098077 seconds .

========================================================================
Received Import Request.
  Time since last request: 0.000356 seconds.
  path: Assets/Scenes/SampleScene/Lightmap-0_comp_dir.png
  artifactKey: Guid(e79ebf6f6991fea40acf25281ea394e1) Importer(815301076,1909f56bfc062723c751e8b465ee728b)
Start importing Assets/Scenes/SampleScene/Lightmap-0_comp_dir.png using Guid(e79ebf6f6991fea40acf25281ea394e1) Importer(815301076,1909f56bfc062723c751e8b465ee728b)  -> (artifact id: 'd764858249858be9ee9fbd124dd3937a') in 0.020357 seconds
  Import took 0.035193 seconds .

========================================================================
Received Import Request.
  Time since last request: 0.000343 seconds.
  path: Assets/Scenes/SampleScene/Lightmap-0_comp_light.exr
  artifactKey: Guid(4bdbbe899c5dc0e4a89ae2694443559e) Importer(815301076,1909f56bfc062723c751e8b465ee728b)
Start importing Assets/Scenes/SampleScene/Lightmap-0_comp_light.exr using Guid(4bdbbe899c5dc0e4a89ae2694443559e) Importer(815301076,1909f56bfc062723c751e8b465ee728b)  -> (artifact id: 'e21bf7f33a37ec071e54e4b91ab590a2') in 0.018059 seconds
  Import took 0.033723 seconds .

========================================================================
Received Import Request.
  Time since last request: 0.000319 seconds.
  path: Assets/Scenes/SampleScene/Lightmap-2_comp_light.exr
  artifactKey: Guid(d9af58f1eb18cb041a4746c89ce3eefc) Importer(815301076,1909f56bfc062723c751e8b465ee728b)
Start importing Assets/Scenes/SampleScene/Lightmap-2_comp_light.exr using Guid(d9af58f1eb18cb041a4746c89ce3eefc) Importer(815301076,1909f56bfc062723c751e8b465ee728b)  -> (artifact id: '38a8be3b110af1c100097dabad92b92f') in 0.019866 seconds
  Import took 0.035057 seconds .

========================================================================
Received Import Request.
  Time since last request: 0.000311 seconds.
  path: Assets/Scenes/SampleScene/ReflectionProbe-2.exr
  artifactKey: Guid(905a1f2fe6a20fe4d8acced09169fea6) Importer(815301076,1909f56bfc062723c751e8b465ee728b)
Start importing Assets/Scenes/SampleScene/ReflectionProbe-2.exr using Guid(905a1f2fe6a20fe4d8acced09169fea6) Importer(815301076,1909f56bfc062723c751e8b465ee728b)  -> (artifact id: 'ee59c80fe4760ef2de361b02ccb11532') in 0.091510 seconds
  Import took 0.103694 seconds .

========================================================================
Received Import Request.
  Time since last request: 0.000347 seconds.
  path: Assets/Scenes/SampleScene/ReflectionProbe-3.exr
  artifactKey: Guid(d4035d0729cbed243b8628139d0aa2a3) Importer(815301076,1909f56bfc062723c751e8b465ee728b)
Start importing Assets/Scenes/SampleScene/ReflectionProbe-3.exr using Guid(d4035d0729cbed243b8628139d0aa2a3) Importer(815301076,1909f56bfc062723c751e8b465ee728b)  -> (artifact id: '5d1498bc1eea9b35a4edb3f12745bbf5') in 0.092508 seconds
  Import took 0.106512 seconds .

========================================================================
Received Import Request.
  Time since last request: 0.000358 seconds.
  path: Assets/Scenes/SampleScene/Lightmap-3_comp_light.exr
  artifactKey: Guid(963c286bbf748a6439786c5cdb5206f2) Importer(815301076,1909f56bfc062723c751e8b465ee728b)
Start importing Assets/Scenes/SampleScene/Lightmap-3_comp_light.exr using Guid(963c286bbf748a6439786c5cdb5206f2) Importer(815301076,1909f56bfc062723c751e8b465ee728b)  -> (artifact id: 'cc3c3e5af6dc3bf9c0194d8d30bef479') in 0.027439 seconds
  Import took 0.041964 seconds .

========================================================================
Received Import Request.
  Time since last request: 0.000363 seconds.
  path: Assets/Scenes/SampleScene/ReflectionProbe-9.exr
  artifactKey: Guid(f0e7f0a8b752e40488ce09f05f1ac2f2) Importer(815301076,1909f56bfc062723c751e8b465ee728b)
Start importing Assets/Scenes/SampleScene/ReflectionProbe-9.exr using Guid(f0e7f0a8b752e40488ce09f05f1ac2f2) Importer(815301076,1909f56bfc062723c751e8b465ee728b)  -> (artifact id: '5f3cc6ee463437b2a1c627d35cdd7e20') in 0.093345 seconds
  Import took 0.110845 seconds .

========================================================================
Received Import Request.
  Time since last request: 3.635813 seconds.
  path: Assets/mainScene.unity
  artifactKey: Guid(73b2359fe0a364de680f852752cad9f8) Importer(815301076,1909f56bfc062723c751e8b465ee728b)
Start importing Assets/mainScene.unity using Guid(73b2359fe0a364de680f852752cad9f8) Importer(815301076,1909f56bfc062723c751e8b465ee728b)  -> (artifact id: 'b17afd38dce701040c2ae81b76ebaa50') in 0.009656 seconds
  Import took 0.022002 seconds .

========================================================================
Received Import Request.
  Time since last request: 0.002331 seconds.
  path: Assets/mainScene.unity
  artifactKey: Guid(73b2359fe0a364de680f852752cad9f8) Importer(815301076,1909f56bfc062723c751e8b465ee728b)
Start importing Assets/mainScene.unity using Guid(73b2359fe0a364de680f852752cad9f8) Importer(815301076,1909f56bfc062723c751e8b465ee728b)  -> (artifact id: 'b17afd38dce701040c2ae81b76ebaa50') in 0.005431 seconds
  Import took 0.017331 seconds .

========================================================================
Received Prepare
Registering precompiled user dll's ...
Registered in 0.004603 seconds.
Begin MonoManager ReloadAssembly
Native extension for WindowsStandalone target not found
Refreshing native plugins compatible for Editor in 1.68 ms, found 0 plugins.
Preloading 0 native plugins for Editor in 0.00 ms.
Mono: successfully reloaded assembly
- Completed reload, in  3.795 seconds
Platform modules already initialized, skipping
Refreshing native plugins compatible for Editor in 1.72 ms, found 0 plugins.
Preloading 0 native plugins for Editor in 0.00 ms.
Unloading 3453 Unused Serialized files (Serialized files now loaded: 0)
System memory in use before: 177.5 MB.
System memory in use after: 170.6 MB.

Unloading 74 unused Assets to reduce memory usage. Loaded Objects now: 4145.
Total: 15.868700 ms (FindLiveObjects: 0.845100 ms CreateObjectMapping: 0.670600 ms MarkObjects: 5.061100 ms  DeleteObjects: 9.288500 ms)

========================================================================
Received Import Request.
  Time since last request: 383.366892 seconds.
  path: Assets/testOne.cs
  artifactKey: Guid(08f4c8c52558b488ca3ca39e5056f456) Importer(815301076,1909f56bfc062723c751e8b465ee728b)
Start importing Assets/testOne.cs using Guid(08f4c8c52558b488ca3ca39e5056f456) Importer(815301076,1909f56bfc062723c751e8b465ee728b)  -> (artifact id: 'ef18b069f2f72d690695f5b612618cb6') in 0.033387 seconds
  Import took 0.047565 seconds .

========================================================================
Received Import Request.
  Time since last request: 160.450651 seconds.
  path: Assets
  artifactKey: Guid(00000000000000001000000000000000) Importer(815301076,1909f56bfc062723c751e8b465ee728b)
Start importing Assets using Guid(00000000000000001000000000000000) Importer(815301076,1909f56bfc062723c751e8b465ee728b)  -> (artifact id: 'e4856052512617ee48189cf1d7999900') in 0.008520 seconds
  Import took 0.023345 seconds .

========================================================================
Received Import Request.
  Time since last request: 0.000954 seconds.
  path: Assets
  artifactKey: Guid(00000000000000001000000000000000) Importer(815301076,1909f56bfc062723c751e8b465ee728b)
Start importing Assets using Guid(00000000000000001000000000000000) Importer(815301076,1909f56bfc062723c751e8b465ee728b)  -> (artifact id: 'e4856052512617ee48189cf1d7999900') in 0.004704 seconds
  Import took 0.019174 seconds .

========================================================================
Received Import Request.
  Time since last request: 13.243827 seconds.
  path: Assets/New Material.mat
  artifactKey: Guid(8322b4f49a689c44fb5c2b97622f0ddb) Importer(815301076,1909f56bfc062723c751e8b465ee728b)
Start importing Assets/New Material.mat using Guid(8322b4f49a689c44fb5c2b97622f0ddb) Importer(815301076,1909f56bfc062723c751e8b465ee728b) Launched and connected shader compiler UnityShaderCompiler.exe after 0.14 seconds
Launched and connected shader compiler UnityShaderCompiler.exe after 0.11 seconds
Launched and connected shader compiler UnityShaderCompiler.exe after 0.11 seconds
Launched and connected shader compiler UnityShaderCompiler.exe after 0.11 seconds
Launched and connected shader compiler UnityShaderCompiler.exe after 0.12 seconds
Launched and connected shader compiler UnityShaderCompiler.exe after 0.10 seconds
Launched and connected shader compiler UnityShaderCompiler.exe after 0.13 seconds
 -> (artifact id: '81272bc63b0c8763f33e55980437da28') in 2.926668 seconds
  Import took 2.941803 seconds .

========================================================================
Received Import Request.
  Time since last request: 8.998547 seconds.
  path: Assets/New Material.mat
  artifactKey: Guid(8322b4f49a689c44fb5c2b97622f0ddb) Importer(815301076,1909f56bfc062723c751e8b465ee728b)
Start importing Assets/New Material.mat using Guid(8322b4f49a689c44fb5c2b97622f0ddb) Importer(815301076,1909f56bfc062723c751e8b465ee728b)  -> (artifact id: '4641da12031566c7fb471d0ba2859d44') in 0.121060 seconds
  Import took 0.143221 seconds .

